  ar3DCreateHandle.c
  ar3DUtil.c
  arCreateHandle.c
  arDetectMarker.c
  arDetectMarker2.c
  arFilterTransMat.c
  arGetLine.c
  arGetMarkerInfo.c
  arGetTransMat.c
  arGetTransMatStereo.c
  arLabeling.c
  arLabelingSubDBI3C.c
  arLabelingSubDBI3C565.c
  arLabelingSubDBI3CA.c
  arLabelingSubDBI3CA4444.c
  arLabelingSubDBI3CA5551.c
  arLabelingSubDBIA3C.c
  arLabelingSubDBIC.c
  arLabelingSubDBICY.c
  arLabelingSubDBIYC.c
  Generating Code...
  Compiling...
  arLabelingSubDBR3C.c
  arLabelingSubDBR3C565.c
  arLabelingSubDBR3CA.c
  arLabelingSubDBR3CA4444.c
  arLabelingSubDBR3CA5551.c
  arLabelingSubDBRA3C.c
  arLabelingSubDBRC.c
  arLabelingSubDBRCY.c
  arLabelingSubDBRYC.c
  arLabelingSubDBZ.c
  arLabelingSubDWI3C.c
  arLabelingSubDWI3C565.c
  arLabelingSubDWI3CA.c
  arLabelingSubDWI3CA4444.c
  arLabelingSubDWI3CA5551.c
  arLabelingSubDWIA3C.c
  arLabelingSubDWIC.c
  arLabelingSubDWICY.c
  arLabelingSubDWIYC.c
  arLabelingSubDWR3C.c
  Generating Code...
  Compiling...
  arLabelingSubDWR3C565.c
  arLabelingSubDWR3CA.c
  arLabelingSubDWR3CA4444.c
  arLabelingSubDWR3CA5551.c
  arLabelingSubDWRA3C.c
  arLabelingSubDWRC.c
  arLabelingSubDWRCY.c
  arLabelingSubDWRYC.c
  arLabelingSubDWZ.c
  arLabelingSubEBI3C.c
  arLabelingSubEBI3C565.c
  arLabelingSubEBI3CA.c
  arLabelingSubEBI3CA4444.c
  arLabelingSubEBI3CA5551.c
  arLabelingSubEBIA3C.c
  arLabelingSubEBIC.c
  arLabelingSubEBICY.c
  arLabelingSubEBIYC.c
  arLabelingSubEBR3C.c
  arLabelingSubEBR3C565.c
  Generating Code...
  Compiling...
  arLabelingSubEBR3CA.c
  arLabelingSubEBR3CA4444.c
  arLabelingSubEBR3CA5551.c
  arLabelingSubEBRA3C.c
  arLabelingSubEBRC.c
  arLabelingSubEBRCY.c
  arLabelingSubEBRYC.c
  arLabelingSubEBZ.c
  arLabelingSubEWI3C.c
  arLabelingSubEWI3C565.c
  arLabelingSubEWI3CA.c
  arLabelingSubEWI3CA4444.c
  arLabelingSubEWI3CA5551.c
  arLabelingSubEWIA3C.c
  arLabelingSubEWIC.c
  arLabelingSubEWICY.c
  arLabelingSubEWIYC.c
  arLabelingSubEWR3C.c
  arLabelingSubEWR3C565.c
  arLabelingSubEWR3CA.c
  Generating Code...
  Compiling...
  arLabelingSubEWR3CA4444.c
  arLabelingSubEWR3CA5551.c
  arLabelingSubEWRA3C.c
  arLabelingSubEWRC.c
  arLabelingSubEWRCY.c
  arLabelingSubEWRYC.c
  arLabelingSubEWZ.c
  arPattAttach.c
  arPattCreateHandle.c
  arPattGetID.c
  arPattLoad.c
  arPattSave.c
  arUtil.c
  mAlloc.c
  mAllocDup.c
  mAllocInv.c
  mAllocMul.c
  mAllocTrans.c
  mAllocUnit.c
  mDet.c
  Generating Code...
  Compiling...
  mDisp.c
  mDup.c
  mFree.c
  mInv.c
  mMul.c
  mPCA.c
  mSelfInv.c
  mTrans.c
  mUnit.c
  paramChangeSize.c
  paramClear.c
  paramDecomp.c
  paramDisp.c
  paramDistortion.c
  paramFile.c
  paramGetPerspective.c
  paramLT.c
  vAlloc.c
  vDisp.c
  vFree.c
  Generating Code...
  Compiling...
  vHouse.c
  vInnerP.c
  vTridiag.c
  Generating Code...
  arImageProc.c
  AR.vcxproj -> C:\Users\lanssie\Downloads\LQs\Lanssiekit\lanssie-test\Lanssiekit\ARToolKit5\..\Debug\x64\ARd.lib
