c:\users\lanssie\downloads\lqs\lanssiekit\lanssie-test\lanssiekit\artoolkit5\x64\release\arlabelingsubdbiyc.obj
c:\users\lanssie\downloads\lqs\lanssiekit\lanssie-test\lanssiekit\artoolkit5\x64\release\arlabelingsubdbicy.obj
c:\users\lanssie\downloads\lqs\lanssiekit\lanssie-test\lanssiekit\artoolkit5\x64\release\arlabelingsubdbic.obj
c:\users\lanssie\downloads\lqs\lanssiekit\lanssie-test\lanssiekit\artoolkit5\x64\release\arlabelingsubdbia3c.obj
c:\users\lanssie\downloads\lqs\lanssiekit\lanssie-test\lanssiekit\artoolkit5\x64\release\arlabelingsubdbi3ca5551.obj
c:\users\lanssie\downloads\lqs\lanssiekit\lanssie-test\lanssiekit\artoolkit5\x64\release\arlabelingsubdbi3ca4444.obj
c:\users\lanssie\downloads\lqs\lanssiekit\lanssie-test\lanssiekit\artoolkit5\x64\release\arlabelingsubdbi3ca.obj
c:\users\lanssie\downloads\lqs\lanssiekit\lanssie-test\lanssiekit\artoolkit5\x64\release\arlabelingsubdbi3c565.obj
c:\users\lanssie\downloads\lqs\lanssiekit\lanssie-test\lanssiekit\artoolkit5\x64\release\arlabelingsubdbi3c.obj
c:\users\lanssie\downloads\lqs\lanssiekit\lanssie-test\lanssiekit\artoolkit5\x64\release\arlabeling.obj
c:\users\lanssie\downloads\lqs\lanssiekit\lanssie-test\lanssiekit\artoolkit5\x64\release\argettransmatstereo.obj
c:\users\lanssie\downloads\lqs\lanssiekit\lanssie-test\lanssiekit\artoolkit5\x64\release\argettransmat.obj
c:\users\lanssie\downloads\lqs\lanssiekit\lanssie-test\lanssiekit\artoolkit5\x64\release\argetmarkerinfo.obj
c:\users\lanssie\downloads\lqs\lanssiekit\lanssie-test\lanssiekit\artoolkit5\x64\release\argetline.obj
c:\users\lanssie\downloads\lqs\lanssiekit\lanssie-test\lanssiekit\artoolkit5\x64\release\arfiltertransmat.obj
c:\users\lanssie\downloads\lqs\lanssiekit\lanssie-test\lanssiekit\artoolkit5\x64\release\ardetectmarker2.obj
c:\users\lanssie\downloads\lqs\lanssiekit\lanssie-test\lanssiekit\artoolkit5\x64\release\ardetectmarker.obj
c:\users\lanssie\downloads\lqs\lanssiekit\lanssie-test\lanssiekit\artoolkit5\x64\release\arcreatehandle.obj
c:\users\lanssie\downloads\lqs\lanssiekit\lanssie-test\lanssiekit\artoolkit5\x64\release\ar3dutil.obj
c:\users\lanssie\downloads\lqs\lanssiekit\lanssie-test\lanssiekit\artoolkit5\x64\release\ar3dcreatehandle.obj
c:\users\lanssie\downloads\lqs\lanssiekit\lanssie-test\lanssiekit\artoolkit5\x64\release\arlabelingsubdwr3c.obj
c:\users\lanssie\downloads\lqs\lanssiekit\lanssie-test\lanssiekit\artoolkit5\x64\release\arlabelingsubdwiyc.obj
c:\users\lanssie\downloads\lqs\lanssiekit\lanssie-test\lanssiekit\artoolkit5\x64\release\arlabelingsubdwicy.obj
c:\users\lanssie\downloads\lqs\lanssiekit\lanssie-test\lanssiekit\artoolkit5\x64\release\arlabelingsubdwic.obj
c:\users\lanssie\downloads\lqs\lanssiekit\lanssie-test\lanssiekit\artoolkit5\x64\release\arlabelingsubdwia3c.obj
c:\users\lanssie\downloads\lqs\lanssiekit\lanssie-test\lanssiekit\artoolkit5\x64\release\arlabelingsubdwi3ca5551.obj
c:\users\lanssie\downloads\lqs\lanssiekit\lanssie-test\lanssiekit\artoolkit5\x64\release\arlabelingsubdwi3ca4444.obj
c:\users\lanssie\downloads\lqs\lanssiekit\lanssie-test\lanssiekit\artoolkit5\x64\release\arlabelingsubdwi3ca.obj
c:\users\lanssie\downloads\lqs\lanssiekit\lanssie-test\lanssiekit\artoolkit5\x64\release\arlabelingsubdwi3c565.obj
c:\users\lanssie\downloads\lqs\lanssiekit\lanssie-test\lanssiekit\artoolkit5\x64\release\arlabelingsubdwi3c.obj
c:\users\lanssie\downloads\lqs\lanssiekit\lanssie-test\lanssiekit\artoolkit5\x64\release\arlabelingsubdbz.obj
c:\users\lanssie\downloads\lqs\lanssiekit\lanssie-test\lanssiekit\artoolkit5\x64\release\arlabelingsubdbryc.obj
c:\users\lanssie\downloads\lqs\lanssiekit\lanssie-test\lanssiekit\artoolkit5\x64\release\arlabelingsubdbrcy.obj
c:\users\lanssie\downloads\lqs\lanssiekit\lanssie-test\lanssiekit\artoolkit5\x64\release\arlabelingsubdbrc.obj
c:\users\lanssie\downloads\lqs\lanssiekit\lanssie-test\lanssiekit\artoolkit5\x64\release\arlabelingsubdbra3c.obj
c:\users\lanssie\downloads\lqs\lanssiekit\lanssie-test\lanssiekit\artoolkit5\x64\release\arlabelingsubdbr3ca5551.obj
c:\users\lanssie\downloads\lqs\lanssiekit\lanssie-test\lanssiekit\artoolkit5\x64\release\arlabelingsubdbr3ca4444.obj
c:\users\lanssie\downloads\lqs\lanssiekit\lanssie-test\lanssiekit\artoolkit5\x64\release\arlabelingsubdbr3ca.obj
c:\users\lanssie\downloads\lqs\lanssiekit\lanssie-test\lanssiekit\artoolkit5\x64\release\arlabelingsubdbr3c565.obj
c:\users\lanssie\downloads\lqs\lanssiekit\lanssie-test\lanssiekit\artoolkit5\x64\release\arlabelingsubdbr3c.obj
c:\users\lanssie\downloads\lqs\lanssiekit\lanssie-test\lanssiekit\artoolkit5\x64\release\arlabelingsubebr3c565.obj
c:\users\lanssie\downloads\lqs\lanssiekit\lanssie-test\lanssiekit\artoolkit5\x64\release\arlabelingsubebr3c.obj
c:\users\lanssie\downloads\lqs\lanssiekit\lanssie-test\lanssiekit\artoolkit5\x64\release\arlabelingsubebiyc.obj
c:\users\lanssie\downloads\lqs\lanssiekit\lanssie-test\lanssiekit\artoolkit5\x64\release\arlabelingsubebicy.obj
c:\users\lanssie\downloads\lqs\lanssiekit\lanssie-test\lanssiekit\artoolkit5\x64\release\arlabelingsubebic.obj
c:\users\lanssie\downloads\lqs\lanssiekit\lanssie-test\lanssiekit\artoolkit5\x64\release\arlabelingsubebia3c.obj
c:\users\lanssie\downloads\lqs\lanssiekit\lanssie-test\lanssiekit\artoolkit5\x64\release\arlabelingsubebi3ca5551.obj
c:\users\lanssie\downloads\lqs\lanssiekit\lanssie-test\lanssiekit\artoolkit5\x64\release\arlabelingsubebi3ca4444.obj
c:\users\lanssie\downloads\lqs\lanssiekit\lanssie-test\lanssiekit\artoolkit5\x64\release\arlabelingsubebi3ca.obj
c:\users\lanssie\downloads\lqs\lanssiekit\lanssie-test\lanssiekit\artoolkit5\x64\release\arlabelingsubebi3c565.obj
c:\users\lanssie\downloads\lqs\lanssiekit\lanssie-test\lanssiekit\artoolkit5\x64\release\arlabelingsubebi3c.obj
c:\users\lanssie\downloads\lqs\lanssiekit\lanssie-test\lanssiekit\artoolkit5\x64\release\arlabelingsubdwz.obj
c:\users\lanssie\downloads\lqs\lanssiekit\lanssie-test\lanssiekit\artoolkit5\x64\release\arlabelingsubdwryc.obj
c:\users\lanssie\downloads\lqs\lanssiekit\lanssie-test\lanssiekit\artoolkit5\x64\release\arlabelingsubdwrcy.obj
c:\users\lanssie\downloads\lqs\lanssiekit\lanssie-test\lanssiekit\artoolkit5\x64\release\arlabelingsubdwrc.obj
c:\users\lanssie\downloads\lqs\lanssiekit\lanssie-test\lanssiekit\artoolkit5\x64\release\arlabelingsubdwra3c.obj
c:\users\lanssie\downloads\lqs\lanssiekit\lanssie-test\lanssiekit\artoolkit5\x64\release\arlabelingsubdwr3ca5551.obj
c:\users\lanssie\downloads\lqs\lanssiekit\lanssie-test\lanssiekit\artoolkit5\x64\release\arlabelingsubdwr3ca4444.obj
c:\users\lanssie\downloads\lqs\lanssiekit\lanssie-test\lanssiekit\artoolkit5\x64\release\arlabelingsubdwr3ca.obj
c:\users\lanssie\downloads\lqs\lanssiekit\lanssie-test\lanssiekit\artoolkit5\x64\release\arlabelingsubdwr3c565.obj
c:\users\lanssie\downloads\lqs\lanssiekit\lanssie-test\lanssiekit\artoolkit5\x64\release\arlabelingsubewr3ca.obj
c:\users\lanssie\downloads\lqs\lanssiekit\lanssie-test\lanssiekit\artoolkit5\x64\release\arlabelingsubewr3c565.obj
c:\users\lanssie\downloads\lqs\lanssiekit\lanssie-test\lanssiekit\artoolkit5\x64\release\arlabelingsubewr3c.obj
c:\users\lanssie\downloads\lqs\lanssiekit\lanssie-test\lanssiekit\artoolkit5\x64\release\arlabelingsubewiyc.obj
c:\users\lanssie\downloads\lqs\lanssiekit\lanssie-test\lanssiekit\artoolkit5\x64\release\arlabelingsubewicy.obj
c:\users\lanssie\downloads\lqs\lanssiekit\lanssie-test\lanssiekit\artoolkit5\x64\release\arlabelingsubewic.obj
c:\users\lanssie\downloads\lqs\lanssiekit\lanssie-test\lanssiekit\artoolkit5\x64\release\arlabelingsubewia3c.obj
c:\users\lanssie\downloads\lqs\lanssiekit\lanssie-test\lanssiekit\artoolkit5\x64\release\arlabelingsubewi3ca5551.obj
c:\users\lanssie\downloads\lqs\lanssiekit\lanssie-test\lanssiekit\artoolkit5\x64\release\arlabelingsubewi3ca4444.obj
c:\users\lanssie\downloads\lqs\lanssiekit\lanssie-test\lanssiekit\artoolkit5\x64\release\arlabelingsubewi3ca.obj
c:\users\lanssie\downloads\lqs\lanssiekit\lanssie-test\lanssiekit\artoolkit5\x64\release\arlabelingsubewi3c565.obj
c:\users\lanssie\downloads\lqs\lanssiekit\lanssie-test\lanssiekit\artoolkit5\x64\release\arlabelingsubewi3c.obj
c:\users\lanssie\downloads\lqs\lanssiekit\lanssie-test\lanssiekit\artoolkit5\x64\release\arlabelingsubebz.obj
c:\users\lanssie\downloads\lqs\lanssiekit\lanssie-test\lanssiekit\artoolkit5\x64\release\arlabelingsubebryc.obj
c:\users\lanssie\downloads\lqs\lanssiekit\lanssie-test\lanssiekit\artoolkit5\x64\release\arlabelingsubebrcy.obj
c:\users\lanssie\downloads\lqs\lanssiekit\lanssie-test\lanssiekit\artoolkit5\x64\release\arlabelingsubebrc.obj
c:\users\lanssie\downloads\lqs\lanssiekit\lanssie-test\lanssiekit\artoolkit5\x64\release\arlabelingsubebra3c.obj
c:\users\lanssie\downloads\lqs\lanssiekit\lanssie-test\lanssiekit\artoolkit5\x64\release\arlabelingsubebr3ca5551.obj
c:\users\lanssie\downloads\lqs\lanssiekit\lanssie-test\lanssiekit\artoolkit5\x64\release\arlabelingsubebr3ca4444.obj
c:\users\lanssie\downloads\lqs\lanssiekit\lanssie-test\lanssiekit\artoolkit5\x64\release\arlabelingsubebr3ca.obj
c:\users\lanssie\downloads\lqs\lanssiekit\lanssie-test\lanssiekit\artoolkit5\x64\release\mdet.obj
c:\users\lanssie\downloads\lqs\lanssiekit\lanssie-test\lanssiekit\artoolkit5\x64\release\mallocunit.obj
c:\users\lanssie\downloads\lqs\lanssiekit\lanssie-test\lanssiekit\artoolkit5\x64\release\malloctrans.obj
c:\users\lanssie\downloads\lqs\lanssiekit\lanssie-test\lanssiekit\artoolkit5\x64\release\mallocmul.obj
c:\users\lanssie\downloads\lqs\lanssiekit\lanssie-test\lanssiekit\artoolkit5\x64\release\mallocinv.obj
c:\users\lanssie\downloads\lqs\lanssiekit\lanssie-test\lanssiekit\artoolkit5\x64\release\mallocdup.obj
c:\users\lanssie\downloads\lqs\lanssiekit\lanssie-test\lanssiekit\artoolkit5\x64\release\malloc.obj
c:\users\lanssie\downloads\lqs\lanssiekit\lanssie-test\lanssiekit\artoolkit5\x64\release\arutil.obj
c:\users\lanssie\downloads\lqs\lanssiekit\lanssie-test\lanssiekit\artoolkit5\x64\release\arpattsave.obj
c:\users\lanssie\downloads\lqs\lanssiekit\lanssie-test\lanssiekit\artoolkit5\x64\release\arpattload.obj
c:\users\lanssie\downloads\lqs\lanssiekit\lanssie-test\lanssiekit\artoolkit5\x64\release\arpattgetid.obj
c:\users\lanssie\downloads\lqs\lanssiekit\lanssie-test\lanssiekit\artoolkit5\x64\release\arpattcreatehandle.obj
c:\users\lanssie\downloads\lqs\lanssiekit\lanssie-test\lanssiekit\artoolkit5\x64\release\arpattattach.obj
c:\users\lanssie\downloads\lqs\lanssiekit\lanssie-test\lanssiekit\artoolkit5\x64\release\arlabelingsubewz.obj
c:\users\lanssie\downloads\lqs\lanssiekit\lanssie-test\lanssiekit\artoolkit5\x64\release\arlabelingsubewryc.obj
c:\users\lanssie\downloads\lqs\lanssiekit\lanssie-test\lanssiekit\artoolkit5\x64\release\arlabelingsubewrcy.obj
c:\users\lanssie\downloads\lqs\lanssiekit\lanssie-test\lanssiekit\artoolkit5\x64\release\arlabelingsubewrc.obj
c:\users\lanssie\downloads\lqs\lanssiekit\lanssie-test\lanssiekit\artoolkit5\x64\release\arlabelingsubewra3c.obj
c:\users\lanssie\downloads\lqs\lanssiekit\lanssie-test\lanssiekit\artoolkit5\x64\release\arlabelingsubewr3ca5551.obj
c:\users\lanssie\downloads\lqs\lanssiekit\lanssie-test\lanssiekit\artoolkit5\x64\release\arlabelingsubewr3ca4444.obj
c:\users\lanssie\downloads\lqs\lanssiekit\lanssie-test\lanssiekit\artoolkit5\x64\release\vfree.obj
c:\users\lanssie\downloads\lqs\lanssiekit\lanssie-test\lanssiekit\artoolkit5\x64\release\vdisp.obj
c:\users\lanssie\downloads\lqs\lanssiekit\lanssie-test\lanssiekit\artoolkit5\x64\release\valloc.obj
c:\users\lanssie\downloads\lqs\lanssiekit\lanssie-test\lanssiekit\artoolkit5\x64\release\paramlt.obj
c:\users\lanssie\downloads\lqs\lanssiekit\lanssie-test\lanssiekit\artoolkit5\x64\release\paramgetperspective.obj
c:\users\lanssie\downloads\lqs\lanssiekit\lanssie-test\lanssiekit\artoolkit5\x64\release\paramfile.obj
c:\users\lanssie\downloads\lqs\lanssiekit\lanssie-test\lanssiekit\artoolkit5\x64\release\paramdistortion.obj
c:\users\lanssie\downloads\lqs\lanssiekit\lanssie-test\lanssiekit\artoolkit5\x64\release\paramdisp.obj
c:\users\lanssie\downloads\lqs\lanssiekit\lanssie-test\lanssiekit\artoolkit5\x64\release\paramdecomp.obj
c:\users\lanssie\downloads\lqs\lanssiekit\lanssie-test\lanssiekit\artoolkit5\x64\release\paramclear.obj
c:\users\lanssie\downloads\lqs\lanssiekit\lanssie-test\lanssiekit\artoolkit5\x64\release\paramchangesize.obj
c:\users\lanssie\downloads\lqs\lanssiekit\lanssie-test\lanssiekit\artoolkit5\x64\release\munit.obj
c:\users\lanssie\downloads\lqs\lanssiekit\lanssie-test\lanssiekit\artoolkit5\x64\release\mtrans.obj
c:\users\lanssie\downloads\lqs\lanssiekit\lanssie-test\lanssiekit\artoolkit5\x64\release\mselfinv.obj
c:\users\lanssie\downloads\lqs\lanssiekit\lanssie-test\lanssiekit\artoolkit5\x64\release\mpca.obj
c:\users\lanssie\downloads\lqs\lanssiekit\lanssie-test\lanssiekit\artoolkit5\x64\release\mmul.obj
c:\users\lanssie\downloads\lqs\lanssiekit\lanssie-test\lanssiekit\artoolkit5\x64\release\minv.obj
c:\users\lanssie\downloads\lqs\lanssiekit\lanssie-test\lanssiekit\artoolkit5\x64\release\mfree.obj
c:\users\lanssie\downloads\lqs\lanssiekit\lanssie-test\lanssiekit\artoolkit5\x64\release\mdup.obj
c:\users\lanssie\downloads\lqs\lanssiekit\lanssie-test\lanssiekit\artoolkit5\x64\release\mdisp.obj
c:\users\lanssie\downloads\lqs\lanssiekit\lanssie-test\lanssiekit\artoolkit5\x64\release\vtridiag.obj
c:\users\lanssie\downloads\lqs\lanssiekit\lanssie-test\lanssiekit\artoolkit5\x64\release\vinnerp.obj
c:\users\lanssie\downloads\lqs\lanssiekit\lanssie-test\lanssiekit\artoolkit5\x64\release\vhouse.obj
c:\users\lanssie\downloads\lqs\lanssiekit\lanssie-test\lanssiekit\artoolkit5\x64\release\arimageproc.obj
c:\users\lanssie\downloads\lqs\lanssiekit\lanssie-test\lanssiekit\release\x64\ar.lib
c:\users\lanssie\downloads\lqs\lanssiekit\lanssie-test\lanssiekit\artoolkit5\x64\release\ar.vcxprojresolveassemblyreference.cache
c:\users\lanssie\downloads\lqs\lanssiekit\lanssie-test\lanssiekit\artoolkit5\..\release\x64\ar.lib
c:\users\lanssie\downloads\lqs\lanssiekit\lanssie-test\lanssiekit\artoolkit5\x64\release\ar.tlog\cl.command.1.tlog
c:\users\lanssie\downloads\lqs\lanssiekit\lanssie-test\lanssiekit\artoolkit5\x64\release\ar.tlog\cl.read.1.tlog
c:\users\lanssie\downloads\lqs\lanssiekit\lanssie-test\lanssiekit\artoolkit5\x64\release\ar.tlog\cl.write.1.tlog
c:\users\lanssie\downloads\lqs\lanssiekit\lanssie-test\lanssiekit\artoolkit5\x64\release\ar.tlog\lib-link.read.1.tlog
c:\users\lanssie\downloads\lqs\lanssiekit\lanssie-test\lanssiekit\artoolkit5\x64\release\ar.tlog\lib-link.write.1.tlog
c:\users\lanssie\downloads\lqs\lanssiekit\lanssie-test\lanssiekit\artoolkit5\x64\release\ar.tlog\lib.command.1.tlog
